Development Component Build (2018-07-06 15:45:11 GMT+01:00 (CEST))
  Component name: demo/portal
  Component vendor: quindata.com
  SC compartment: RWZ-TEST
  Configuration: LocalDevelopment
  Location: localDevelopment
  Source code location: cabu1de@ham00797
  DC root folder: C:\git\ws\Workspace.jdi\LocalDevelopment\RWZ-TEST\quindata.com\demo\portal\_comp\
  DC type: Enterprise Portal
  DC subtype: Portal Application Standalone
  Host: ham00797

DC Model check:
   DC is available locally
   validating dependency to build plugin "sap.com/tc/bi/bp/portalapplication"
   validating dependency to  public part "default" of DC "sap.com/com.sapportals.htmlb"
   validating dependency to  public part "api" of DC "sap.com/engine.j2ee14.facade"
   validating dependency to  public part "default" of DC "sap.com/epbc.prtpars._htmlb"
   WARNING: DC "quindata.com/demo/portal (RWZ-TEST)" depends on deprecated DC sap.com/epbc.prtpars._htmlb (EP-BASIS) by using its public part default.
   validating dependency to  public part "api" of DC "sap.com/tc/epbc/prt/api"
   validating dependency to  public part "api" of DC "sap.com/tc/epbc/prt/apps"
   validating dependency to  public part "api" of DC "sap.com/tc/je/webservices/lib"
   DC model check finished with warnings.

Start build plugin:
   using build plugin: sap.com/tc/bi/bp/portalapplication
   starting build plugin from : C:\git\ws\Workspace.jdi\LocalDevelopment\EP_BUILDT\sap.com\tc\bi\bp\portalapplication\_comp\gen\default\public\def\



Build Plugin 'PortalAppPlugin', Version 7.10 SP 7 (NW750EXT_07_REL, built on 2017-02-25 02:19:02 +0100, CL245651)
   development component:  demo/portal (quindata.com)
      software component:  RWZ-TEST (quindata.com)
                location:  localDevelopment
                    type:  Enterprise Portal, subtype Portal Application Standalone
           build variant:  default
         source location:  cabu1de@ham00797
         output location:  C:\git\ws\Workspace.jdi\LocalDevelopment\t2\B6BE614EB1E1F210D28D1A360BB879EF\default
       generation folder:  C:\git\ws\Workspace.jdi\LocalDevelopment\t\B6BE614EB1E1F210D28D1A360BB879EF
       plugin start time:  2018-07-06 15:45:12 GMT+02:00 (CEST)
                 Java VM:  Java HotSpot(TM) 64-Bit Server VM, 25.171-b11 (1.8, Oracle Corporation)


General options:
  convert *.xlf to *.properties: yes
  include sources for debugging: yes
 


Package folder "src.api" exists but is empty and will be ignored.
Checking path lengths for sources
Path length checks finished in 0 seconds
 
Preparing data context..
Data context preparation finished in 0.047 seconds
 
Creating Ant build file..
  Creating output file: C:\git\ws\Workspace.jdi\LocalDevelopment\t2\B6BE614EB1E1F210D28D1A360BB879EF\default\logs\build.xml
  Using macro file:     C:\git\ws\Workspace.jdi\LocalDevelopment\EP_BUILDT\sap.com\tc\bi\bp\portalapplication\_comp\gen\default\public\def\macros\build.vm
DC specific options:
  Portal Application file name:   quindata.com~demo~portal.war
  Include sources in application: no
  Deploy type:                    online
  Use WebContainer:               true


Build file creation finished in 0.3 seconds
 
Starting Ant..
  Using build file:     C:\git\ws\Workspace.jdi\LocalDevelopment\t2\B6BE614EB1E1F210D28D1A360BB879EF\default\logs\build.xml
  Using build target:   build
  Using Ant version:    1.7.1
 
compile:
      [echo] Starting Java compiler using the current JVM
      [echo] Settings:
      [echo]         debug: on
      [echo]      optimize: off
      [echo]   deprecation: default
      [echo]       verbose: default
      [echo]      encoding: UTF-8
      [echo]        source: default
      [echo]        target: default
      [echo]   source path: C:\git\ws\Workspace.jdi\LocalDevelopment\RWZ-TEST\quindata.com\demo\portal\_comp\src.core
      [echo]    class path:
      [echo]       C:\git\ws\Workspace.jdi\LocalDevelopment\ENGFACADE\sap.com\tc\je\webservices\lib\_comp\gen\default\public\api\lib\java\tc~je~webservices~lib.jar
      [echo]       C:\git\ws\Workspace.jdi\LocalDevelopment\EP-BASIS\sap.com\epbc.prtpars._htmlb\_comp\gen\default\public\default\lib\java\com.sap.portal.htmlb.jar
      [echo]       C:\git\ws\Workspace.jdi\LocalDevelopment\EP-BASIS\sap.com\epbc.prtpars._htmlb\_comp\gen\default\public\default\lib\java\tc~htmlb~htmlb_api.jar
      [echo]       C:\git\ws\Workspace.jdi\LocalDevelopment\EP-BASIS-API\sap.com\tc\epbc\prt\api\_comp\gen\default\public\api\lib\java\tc~epbc~prt~api.jar
      [echo]       C:\git\ws\Workspace.jdi\LocalDevelopment\FRAMEWORK-EXT\sap.com\com.sapportals.htmlb\_comp\gen\default\public\default\lib\java\com.sapportals.htmlb.jar
      [echo]       C:\git\ws\Workspace.jdi\LocalDevelopment\EP-BASIS\sap.com\tc\epbc\prt\apps\_comp\gen\default\public\api\lib\java\com.sap.portal.prt.connection.public.jar
      [echo]       C:\git\ws\Workspace.jdi\LocalDevelopment\EP-BASIS\sap.com\tc\epbc\prt\apps\_comp\gen\default\public\api\lib\java\com.sap.portal.runtime.application.contentconversion.jar
      [echo]       C:\git\ws\Workspace.jdi\LocalDevelopment\EP-BASIS\sap.com\tc\epbc\prt\apps\_comp\gen\default\public\api\lib\java\com.sap.portal.runtime.application.document.jar
      [echo]       C:\git\ws\Workspace.jdi\LocalDevelopment\EP-BASIS\sap.com\tc\epbc\prt\apps\_comp\gen\default\public\api\lib\java\com.sap.portal.runtime.system.clusterinformation.jar
      [echo]       C:\git\ws\Workspace.jdi\LocalDevelopment\EP-BASIS\sap.com\tc\epbc\prt\apps\_comp\gen\default\public\api\lib\java\com.sap.portal.runtime.system.hooks.jar
      [echo]       C:\git\ws\Workspace.jdi\LocalDevelopment\EP-BASIS\sap.com\tc\epbc\prt\apps\_comp\gen\default\public\api\lib\java\tc~epbc~prt~apps.jar
      [echo]       C:\git\ws\Workspace.jdi\LocalDevelopment\ENGFACADE\sap.com\engine.j2ee14.facade\_comp\gen\default\public\api\lib\java\engine.j2ee14.facade.jar
      [echo]    output dir: C:\git\ws\Workspace.jdi\LocalDevelopment\t\B6BE614EB1E1F210D28D1A360BB879EF\classes
     [javac] Compiling 1 source file to C:\git\ws\Workspace.jdi\LocalDevelopment\t\B6BE614EB1E1F210D28D1A360BB879EF\classes
     [timer] Java compilation finished in 0.797 seconds
 
      [echo] Start XLF conversion
  [xlf2prop] Found 0 XLF files to convert in folder "src.core"
     [timer] XLF conversion finished in 0 seconds
 
  [pppacker] Could not determine correct package of package folder for entity  (portalapplication-api/Class, src.api/)
  [pppacker] Packed   0 files for entity  (portalapplication-api/Class, src.api/)
  [pppacker] Packed   2 files for entity  (portalapplication-core/Class, src.core/)
     [timer] Portal Application libraries packaging finished in 0.141 seconds
 
 
createApplication:
      [echo] create PAR..
      [copy] Copying 1 file to C:\git\ws\Workspace.jdi\LocalDevelopment\t\B6BE614EB1E1F210D28D1A360BB879EF\PAR\WEB-INF
      [copy] Copied 10 empty directories to 10 empty directories under C:\git\ws\Workspace.jdi\LocalDevelopment\t\B6BE614EB1E1F210D28D1A360BB879EF\PAR\WEB-INF
       [jar] Building jar: C:\git\ws\Workspace.jdi\LocalDevelopment\t\B6BE614EB1E1F210D28D1A360BB879EF\quindata.com~demo~portal.war
 
createPublicParts:
  [pppacker] Packing public part 'API'
  [pppacker] Packed   0 files for entity Portal API (Portal API)
  [pppacker] Packed 1 entity for public part 'API'
     [timer] Public part packaging finished in 0.047 seconds
 
 
createDeployArchive:
      [echo] Creating portalapp-dd.xml
       [cda] Preparing archive for deploy unit "default"
       [cda]   deployment type: "J2EE"
       [cda]   explicit modules:
       [cda]     C:\git\ws\Workspace.jdi\LocalDevelopment\t\B6BE614EB1E1F210D28D1A360BB879EF\quindata.com~demo~portal.war
       [cda]   deploy options:
       [cda]     update-descriptors = true
 
       [cda] Creating Ant build file: C:\git\ws\Workspace.jdi\LocalDevelopment\t2\B6BE614EB1E1F210D28D1A360BB879EF\default\logs\buildDeployArchive.xml
 
 
       [cda] Validating descriptor C:\git\ws\Workspace.jdi\LocalDevelopment\t\B6BE614EB1E1F210D28D1A360BB879EF\application-j2ee-engine.xml
 
       [cda] Creating descriptor META-INF/application.xml ...
 
       [cda] Collecting modules ...
       [cda] Adding module 'quindata.com~demo~portal.war' from current development component
       [cda] Ant build file creation finished in 0.093 seconds
 
packDeployArchive:
 [srcpacker] Creating source archive
 [srcpacker] No sources available for packing, no archive will be created.
     [timer] Source archive creation finished in 0.031 seconds
 
    [jarsap] Info: JarSAP version 20090803.1000
    [jarsap] Info: JarSAPProcessing version 20090907.1000 / JarSL version 20100616.1800
    [jarsap] Building: C:\git\ws\Workspace.jdi\LocalDevelopment\t2\B6BE614EB1E1F210D28D1A360BB879EF\default\deploy\quindata.com~demo~portal.sda with compression
     [timer] JarSAP finished in 0.094 seconds
 
 
build:
 
Ant runtime 1.672 seconds
 
Ant build finished OK
 
Build plugin finished at 2018-07-06 15:45:14 GMT+02:00 (CEST)
Total build plugin runtime: 2.707 seconds
 
Build finished with WARNING

==== Post-Processing ====   started at 2018-07-06 15:45:14.942 CEST
Comparison of previous and actual build results took: 0.016 seconds

Copy the build results 
  from: C:\git\ws\Workspace.jdi\LocalDevelopment\t2\B6BE614EB1E1F210D28D1A360BB879EF\default\
  to:   C:\git\ws\Workspace.jdi\LocalDevelopment\RWZ-TEST\quindata.com\demo\portal\_comp\gen\default\
