Development Component Build (2018-07-06 15:45:19 GMT+01:00 (CEST))
  Component name: demo/ear
  Component vendor: quindata.com
  SC compartment: RWZ-TEST
  Configuration: LocalDevelopment
  Location: localDevelopment
  Source code location: cabu1de@ham00797
  DC root folder: C:\git\ws\Workspace.jdi\LocalDevelopment\RWZ-TEST\quindata.com\demo\ear\_comp\
  DC type: J2EE
  DC subtype: Enterprise Application
  Host: ham00797

DC Model check:
   DC is available locally
   validating dependency to build plugin "sap.com/tc/bi/bp/enterpriseApplication"
   validating dependency to used DC "quindata.com/demo/war"
   validating dependency to  public part "war" of DC "quindata.com/demo/war"
   DC model check OK

Start build plugin:
   using build plugin: sap.com/tc/bi/bp/enterpriseApplication
   starting build plugin from : C:\git\ws\Workspace.jdi\LocalDevelopment\SAP_BUILDT\sap.com\tc\bi\bp\enterpriseApplication\_comp\gen\default\public\enterpriseApplication\



Build Plugin 'EnterpriseApplicationPlugin', Version 7.30 SP 7 (NW750CORE_07_REL, built on 2017-02-24 21:25:50 +0100, CL245679)
   development component:  demo/ear (quindata.com)
      software component:  RWZ-TEST (quindata.com)
                location:  localDevelopment
                    type:  J2EE, subtype Enterprise Application
           build variant:  default
         source location:  cabu1de@ham00797
         output location:  C:\git\ws\Workspace.jdi\LocalDevelopment\t2\FE568388FBCAE210D2D37A0826AAC559\default
       generation folder:  C:\git\ws\Workspace.jdi\LocalDevelopment\t\FE568388FBCAE210D2D37A0826AAC559
       plugin start time:  2018-07-06 15:45:19 GMT+02:00 (CEST)
                 Java VM:  Java HotSpot(TM) 64-Bit Server VM, 25.171-b11 (1.8, Oracle Corporation)


General options:
  convert *.xlf to *.properties: yes
  include sources for debugging: yes
 


Checking path lengths for sources
Path length checks finished in 0 seconds
 
Preparing data context..
Data context preparation finished in 0.016 seconds
 
Creating Ant build file..
  Creating output file: C:\git\ws\Workspace.jdi\LocalDevelopment\t2\FE568388FBCAE210D2D37A0826AAC559\default\logs\build.xml
  Using Java class:     com.sap.tc.buildplugin.BuildEnterpriseApplication
Target "createDeployArchive" has a dependency on "compile" but no such target exists. Dependency will be ignored.
Build file creation finished in 0.047 seconds
 
Starting Ant..
  Using build file:     C:\git\ws\Workspace.jdi\LocalDevelopment\t2\FE568388FBCAE210D2D37A0826AAC559\default\logs\build.xml
  Using build target:   build
  Using Ant version:    1.7.1
 
createDeployArchive:
       [cdu] Preparing archive for deploy unit "default"
       [cdu]   deployment type: "J2EE"
       [cdu] Runtime dependency to "demo/war" ("quindata.com") will be ignored because of an incompatible type.
       [cdu] Deploy-time dependency to "demo/war" ("quindata.com") will be ignored because of an incompatible type.
 
       [cdu] Creating Ant build file: C:\git\ws\Workspace.jdi\LocalDevelopment\t2\FE568388FBCAE210D2D37A0826AAC559\default\logs\buildDeployArchive.xml
 
       [cdu] Creating descriptor META-INF/sda-dd.xml ...
 
       [cdu] Validating descriptor C:\git\ws\Workspace.jdi\LocalDevelopment\RWZ-TEST\quindata.com\demo\ear\_comp\META-INF\application.xml
       [cdu] Display name "LocalDevelopment~demo~ear~quindata.com" in application.xml does not match DC name "demo/ear".
 
       [cdu] Validating descriptor C:\git\ws\Workspace.jdi\LocalDevelopment\RWZ-TEST\quindata.com\demo\ear\_comp\META-INF\application-j2ee-engine.xml
       [cdu] Setting provider name to "quindata.com".
 
       [cdu] Collecting modules ...
       [cdu] Adding module 'quindata.com~demo~war.war' from DC 'demo/war' (vendor 'quindata.com'), public part 'war'
       [cdu] Ant build file creation finished in 0.156 seconds
 
packDeployArchive:
 [srcpacker] Creating source archive
 [srcpacker] Adding source archive from quindata.com~demo/war
     [timer] Source archive creation finished in 0.047 seconds
 
    [jarsap] Info: JarSAP version 20090803.1000
    [jarsap] Info: JarSAPProcessing version 20090907.1000 / JarSL version 20100616.1800
    [jarsap] Building: C:\git\ws\Workspace.jdi\LocalDevelopment\t2\FE568388FBCAE210D2D37A0826AAC559\default\deploy\quindata.com~demo~ear.ear with compression
     [timer] JarSAP finished in 0.063 seconds
 
 
build:
 
Ant runtime 0.344 seconds
 
Ant build finished OK
 
Build plugin finished at 2018-07-06 15:45:20 GMT+02:00 (CEST)
Total build plugin runtime: 0.657 seconds
 
Build finished with WARNING

==== Post-Processing ====   started at 2018-07-06 15:45:20.027 CEST
Comparison of previous and actual build results took: 0 seconds

Copy the build results 
  from: C:\git\ws\Workspace.jdi\LocalDevelopment\t2\FE568388FBCAE210D2D37A0826AAC559\default\
  to:   C:\git\ws\Workspace.jdi\LocalDevelopment\RWZ-TEST\quindata.com\demo\ear\_comp\gen\default\
